Not Found: /favicon.ico
Not Found: /favicon.ico
Not Found: /favicon.ico
Not Found: /favicon.ico
Not Found: /favicon.ico
Not Found: /favicon.ico
Not Found: /favicon.ico
Not Found: /favicon.ico
Not Found: /favicon.ico
Not Found: /favicon.ico
Not Found: /favicon.ico
Not Found: /favicon.ico
Not Found: /favicon.ico
Not Found: /favicon.ico
Not Found: /favicon.ico
Not Found: /favicon.ico
Not Found: /favicon.ico
Not Found: /favicon.ico
Not Found: /favicon.ico
Not Found: /favicon.ico
Not Found: /favicon.ico
Not Found: /favicon.ico
Not Found: /favicon.ico
Not Found: /favicon.ico
Not Found: /favicon.ico
Not Found: /favicon.ico
Not Found: /media/static/img/boxTopLeftCorner.png
Not Found: /media/static/img/boxSideWallPx.gif
Not Found: /media/static/img/boxBottomLeftCorner.png
Not Found: /media/static/img/monthForward_normal.gif
Not Found: /media/static/img/monthBackward_normal.gif
Not Found: /media/static/img/yearForward_normal.gif
Not Found: /media/static/img/yearBackward_normal.gif
Not Found: /media/static/img/boxTopRightCorner.png
Not Found: /media/static/img/boxBottomRightCorner.png
Not Found: /media/static/img/closeButton_normal.gif
Not Found: /media/static/img/boxTopPx.gif
Not Found: /media/static/img/yearBackward_over.gif
Not Found: /media/static/img/monthBackward_over.gif
Not Found: /media/static/img/monthBackward_down.gif
Not Found: /media/static/img/boxTopLeftCorner.png
Not Found: /media/static/img/boxSideWallPx.gif
Not Found: /media/static/img/boxBottomLeftCorner.png
Not Found: /media/static/img/monthForward_normal.gif
Not Found: /media/static/img/yearForward_normal.gif
Not Found: /media/static/img/monthBackward_normal.gif
Not Found: /media/static/img/yearBackward_normal.gif
Not Found: /media/static/img/boxTopRightCorner.png
Not Found: /media/static/img/boxBottomRightCorner.png
Not Found: /media/static/img/closeButton_normal.gif
Not Found: /media/static/img/boxTopPx.gif
Not Found: /media/static/img/monthBackward_over.gif
Not Found: /media/static/img/yearBackward_over.gif
Not Found: /media/static/img/monthBackward_down.gif
Not Found: /media/static/img/monthForward_over.gif
Not Found: /favicon.ico
Not Found: /favicon.ico
Not Found: /media/static/img/boxTopLeftCorner.png
Not Found: /media/static/img/boxBottomLeftCorner.png
Not Found: /media/static/img/boxSideWallPx.gif
Not Found: /media/static/img/monthBackward_normal.gif
Not Found: /media/static/img/monthForward_normal.gif
Not Found: /media/static/img/yearForward_normal.gif
Not Found: /media/static/img/yearBackward_normal.gif
Not Found: /media/static/img/boxTopRightCorner.png
Not Found: /media/static/img/boxBottomRightCorner.png
Not Found: /media/static/img/closeButton_normal.gif
Not Found: /media/static/img/boxTopPx.gif
Not Found: /media/static/img/boxTopLeftCorner.png
Not Found: /media/static/img/boxSideWallPx.gif
Not Found: /media/static/img/boxBottomLeftCorner.png
Not Found: /media/static/img/monthForward_normal.gif
Not Found: /media/static/img/monthBackward_normal.gif
Not Found: /media/static/img/yearForward_normal.gif
Not Found: /media/static/img/yearBackward_normal.gif
Not Found: /media/static/img/boxTopRightCorner.png
Not Found: /media/static/img/boxBottomRightCorner.png
Not Found: /media/static/img/closeButton_normal.gif
Not Found: /media/static/img/boxTopPx.gif
Not Found: /media/static/img/closeButton_over.gif
Not Found: /media/static/img/yearBackward_over.gif
Not Found: /media/static/img/yearForward_over.gif
Not Found: /media/static/img/monthForward_over.gif
Not Found: /media/static/img/yearForward_down.gif
Not Found: /media/static/img/closeButton_down.gif
Not Found: /favicon.ico
Not Found: /favicon.ico
Not Found: /media/static/img/boxTopLeftCorner.png
Not Found: /media/static/img/boxSideWallPx.gif
Not Found: /media/static/img/boxBottomLeftCorner.png
Not Found: /media/static/img/monthForward_normal.gif
Not Found: /media/static/img/monthBackward_normal.gif
Not Found: /media/static/img/yearForward_normal.gif
Not Found: /media/static/img/yearBackward_normal.gif
Not Found: /media/static/img/boxTopRightCorner.png
Not Found: /media/static/img/boxBottomRightCorner.png
Not Found: /media/static/img/closeButton_normal.gif
Not Found: /media/static/img/boxTopPx.gif
Not Found: /media/static/img/monthBackward_over.gif
Not Found: /media/static/img/yearBackward_over.gif
Not Found: /favicon.ico
Not Found: /favicon.ico
Not Found: /favicon.ico
Not Found: /favicon.ico
Not Found: /favicon.ico
Not Found: /favicon.ico
Not Found: /favicon.ico
Not Found: /favicon.ico
Not Found: /favicon.ico
Not Found: /favicon.ico
Not Found: /favicon.ico
Not Found: /favicon.ico
Not Found: /favicon.ico
Not Found: /favicon.ico
Not Found: /favicon.ico
Not Found: /favicon.ico
Not Found: /favicon.ico
Not Found: /favicon.ico
Not Found: /favicon.ico
Not Found: /favicon.ico
Not Found: /favicon.ico
Not Found: /favicon.ico
Not Found: /favicon.ico
Not Found: /favicon.ico
Not Found: /favicon.ico
Not Found: /favicon.ico
Not Found: /favicon.ico
Not Found: /favicon.ico
Not Found: /favicon.ico
Not Found: /favicon.ico
Not Found: /favicon.ico
Not Found: /favicon.ico
Not Found: /favicon.ico
Not Found: /favicon.ico
Not Found: /favicon.ico
Not Found: /favicon.ico
Not Found: /favicon.ico
Not Found: /favicon.ico
Not Found: /favicon.ico
Not Found: /favicon.ico
Not Found: /favicon.ico
Not Found: /favicon.ico
Not Found: /favicon.ico
Not Found: /favicon.ico
Not Found: /favicon.ico
Not Found: /favicon.ico
Not Found: /favicon.ico
Not Found: /favicon.ico
Not Found: /favicon.ico
Not Found: /favicon.ico
Not Found: /favicon.ico
Not Found: /favicon.ico
Not Found: /favicon.ico
Not Found: /favicon.ico
Not Found: /favicon.ico
Not Found: /favicon.ico
Not Found: /favicon.ico
Not Found: /favicon.ico
Not Found: /favicon.ico
Not Found: /favicon.ico
Not Found: /favicon.ico
Not Found: /favicon.ico
Not Found: /favicon.ico
Not Found: /favicon.ico
Not Found: /favicon.ico
Not Found: /favicon.ico
Not Found: /favicon.ico
Not Found: /favicon.ico
Not Found: /favicon.ico
Not Found: /favicon.ico
Not Found: /favicon.ico
Not Found: /favicon.ico
Not Found: /favicon.ico
Not Found: /notifications/gethomepagedisplay/
Not Found: /favicon.ico
Not Found: /favicon.ico
Not Found: /favicon.ico
Not Found: /favicon.ico
Not Found: /favicon.ico
Not Found: /favicon.ico
Not Found: /favicon.ico
Not Found: /favicon.ico
Not Found: /notifications/gethomepagedisplay/
Not Found: /favicon.ico
Not Found: /favicon.ico
Not Found: /favicon.ico
Not Found: /favicon.ico
Not Found: /favicon.ico
Not Found: /favicon.ico
Not Found: /notifications/gethomepagedisplay/
Not Found: /notifications/gethomepagedisplay/
Not Found: /notifications/gethomepagedisplay/
Not Found: /favicon.ico
Not Found: /favicon.ico
Not Found: /favicon.ico
Not Found: /favicon.ico
Not Found: /favicon.ico
Not Found: /favicon.ico
Not Found: /favicon.ico
Not Found: /favicon.ico
Not Found: /favicon.ico
Not Found: /favicon.ico
Not Found: /favicon.ico
Not Found: /favicon.ico
Not Found: /favicon.ico
Not Found: /favicon.ico
Not Found: /favicon.ico
Not Found: /favicon.ico
Not Found: /favicon.ico
Not Found: /favicon.ico
Not Found: /favicon.ico
Not Found: /favicon.ico
Not Found: /favicon.ico
Not Found: /favicon.ico
Not Found: /favicon.ico
Not Found: /favicon.ico
Not Found: /favicon.ico
Not Found: /favicon.ico
Not Found: /notifications/gethomepagedisplay/
Not Found: /favicon.ico
Not Found: /favicon.ico
Not Found: /notifications/gethomepagedisplay/
Not Found: /notifications/gethomepagedisplay/
Not Found: /notifications/gethomepagedisplay/
Not Found: /notifications/gethomepagedisplay/
Not Found: /favicon.ico
Not Found: /favicon.ico
Not Found: /favicon.ico
Not Found: /favicon.ico
Not Found: /favicon.ico
Not Found: /favicon.ico
Not Found: /favicon.ico
Not Found: /favicon.ico
Not Found: /notifications/gethomepagedisplay/
Not Found: /favicon.ico
Not Found: /favicon.ico
Not Found: /favicon.ico
Not Found: /favicon.ico
Not Found: /favicon.ico
Not Found: /favicon.ico
Not Found: /favicon.ico
Not Found: /favicon.ico
Not Found: /favicon.ico
Not Found: /favicon.ico
Not Found: /favicon.ico
Not Found: /favicon.ico
Not Found: /favicon.ico
Not Found: /favicon.ico
Not Found: /favicon.ico
Not Found: /favicon.ico
Not Found: /favicon.ico
Not Found: /favicon.ico
Not Found: /favicon.ico
Not Found: /favicon.ico
Not Found: /favicon.ico
Not Found: /favicon.ico
Not Found: /favicon.ico
Not Found: /favicon.ico
Not Found: /favicon.ico
Not Found: /favicon.ico
Not Found: /favicon.ico
Not Found: /favicon.ico
Not Found: /favicon.ico
Not Found: /favicon.ico
Not Found: /favicon.ico
Not Found: /favicon.ico
Not Found: /notifications/gethomepagedisplay/
Not Found: /notifications/gethomepagedisplay/
Not Found: /notifications/gethomepagedisplay/
Not Found: /notifications/gethomepagedisplay/
Not Found: /notifications/gethomepagedisplay/
Not Found: /notifications/gethomepagedisplay/
Not Found: /notifications/gethomepagedisplay/
Not Found: /notifications/gethomepagedisplay/
Not Found: /notifications/gethomepagedisplay/
Not Found: /analytics/misreports/
Not Found: /analytics/misreports/
Not Found: /analytics/misreports/
Not Found: /analytics/misreports/
Not Found: /analytics/misreports/
